<?xml version="1.0" encoding="UTF-8"?>
<!-- Generated by org.testng.reporters.JUnitReportReporter -->
<testsuite hostname="DESKTOP-H0PI4DT" failures="0" tests="1" name="virtualDevice.CalcualtorAppTest" time="8.138" errors="0" timestamp="2023-03-27T13:06:24 IST" skipped="0">
  <testcase classname="virtualDevice.CalcualtorAppTest" name="verifyMulTest" time="8.138"/>
</testsuite> <!-- virtualDevice.CalcualtorAppTest -->
