<?xml version="1.0" encoding="UTF-8"?>
<!-- Generated by org.testng.reporters.JUnitReportReporter -->
<testsuite hostname="DESKTOP-H0PI4DT" failures="0" tests="1" name="virtualDevice.ClockAppTest" time="0.771" errors="0" timestamp="2023-03-27T13:14:03 IST" skipped="0">
  <testcase classname="virtualDevice.ClockAppTest" name="verifyDateTest" time="0.771"/>
</testsuite> <!-- virtualDevice.ClockAppTest -->
