<?xml version="1.0" encoding="UTF-8"?>
<!-- Generated by org.testng.reporters.JUnitReportReporter -->
<testsuite hostname="DESKTOP-H0PI4DT" failures="0" tests="1" name="virtualDevice.CalcualtorAppTest" time="9.093" errors="0" timestamp="2023-03-27T13:04:09 IST" skipped="0">
  <testcase classname="virtualDevice.CalcualtorAppTest" name="verifyAppTest" time="9.093"/>
</testsuite> <!-- virtualDevice.CalcualtorAppTest -->
