<?xml version="1.0" encoding="UTF-8"?>
<!-- Generated by org.testng.reporters.JUnitReportReporter -->
<testsuite hostname="DESKTOP-H0PI4DT" failures="0" tests="4" name="recap.CalculatorApp" time="33.328" errors="0" timestamp="2023-03-28T12:55:16 IST" skipped="0">
  <testcase classname="recap.CalculatorApp" name="verifySubTest" time="7.771"/>
  <testcase classname="recap.CalculatorApp" name="verifyMulTest" time="9.472"/>
  <testcase classname="recap.CalculatorApp" name="verifyDivTest" time="7.574"/>
  <testcase classname="recap.CalculatorApp" name="verifyAddTest" time="8.511"/>
</testsuite> <!-- recap.CalculatorApp -->
